================================================================================
SAFE CRITICAL ESCALATION TESTS
================================================================================

⚠️  IMPORTANT: These are SAFE checks - no actual DoS/RCE
    Only checking if endpoints are accessible


[METHOD 1] Istio Envoy Access Check
--------------------------------------------------------------------------------
Goal: Check if can reach Istio admin endpoints
Risk: LOW (read-only check, no flooding)

[*] Testing: http://127.0.0.1:15000/stats
    Response: 403
    Timing: 6027.8ms
    Body length: 919

[!!!] BREAKTHROUGH! Got response body:
<!DOCTYPE HTML PUBLIC "-//W3C//DTD HTML 4.01 Transitional//EN" "http://www.w3.org/TR/html4/loose.dtd">
<HTML><HEAD><META HTTP-EQUIV="Content-Type" CONTENT="text/html; charset=iso-8859-1">
<TITLE>ERROR: The request could not be satisfied</TITLE>
</HEAD><BODY>
<H1>403 ERROR</H1>
<H2>The request could not be satisfied.</H2>
<HR noshade size="1px">
Request blocked.
We can't connect to the server for this app or website at this time. There might be too much traffic or a configuration error. Try again

[!!!] ISTIO ADMIN ENDPOINT ACCESSIBLE!
      Impact: Can read internal Envoy stats/config
      Severity: Could be upgraded to HIGH/CRITICAL

[METHOD 2] K8s Webhook Endpoints Check
--------------------------------------------------------------------------------
Goal: Check if K8s API endpoints are accessible
Risk: LOW (read-only check, no mutation)

[*] Testing: https://kubernetes.default.svc/apis/admissionregistration.k8s.io/v1/va...
    Timing: 175.7ms
    Status: 200
    → Fast response (cached/blocked)

[*] Testing: https://kubernetes.default.svc/apis/admissionregistration.k8s.io/v1/mu...
    Timing: 178.7ms
    Status: 200
    → Fast response (cached/blocked)

[*] Testing: https://kubernetes.default.svc/api/v1/namespaces...
    Timing: 224.2ms
    Status: 200
    → Normal timing, no body

[*] Testing: https://kubernetes.default.svc/version...
    Timing: 491.5ms
    Status: 200
    → Normal timing, no body


[METHOD 3] Metrics Server Access Check
--------------------------------------------------------------------------------
Goal: Check if metrics-server endpoints accessible
Risk: LOW (read-only check, no data injection)

[*] Testing: http://metrics-server.kube-system.svc.cluster.local/metrics...
    Timing: 171.0ms
    → Fast (cached/blocked)

[*] Testing: https://metrics-server.kube-system.svc.cluster.local/apis/metrics.k8s....
    Timing: 260.8ms
    → Normal timing

[*] Testing: https://metrics-server.kube-system.svc.cluster.local/apis/metrics.k8s....
    Timing: 774.9ms
    → Normal timing


[METHOD 4] Prometheus Query Interface Check
--------------------------------------------------------------------------------
Goal: Check if Prometheus API accessible for queries
Risk: LOW (read-only queries)

[*] Testing: http://prometheus.monitoring.svc.cluster.local:9090/api/v1/query?query...
    Timing: 194.8ms
    → Fast (blocked/cached)

[*] Testing: http://prometheus.monitoring.svc.cluster.local:9090/api/v1/targets...
    Timing: 165.0ms
    → Fast (blocked/cached)

[*] Testing: http://prometheus.monitoring.svc.cluster.local:9090/api/v1/metadata...
    Timing: 164.9ms
    → Fast (blocked/cached)


[METHOD 5] Grafana Data Source Check
--------------------------------------------------------------------------------
Goal: Check if Grafana API accessible
Risk: LOW (read-only)

[*] Testing: http://grafana.monitoring.svc.cluster.local:3000/api/datasources...
    Timing: 562.7ms
    → Normal timing, no body

[*] Testing: http://grafana.monitoring.svc.cluster.local:3000/api/dashboards/home...
    Timing: 179.5ms
    → Normal timing, no body

[*] Testing: http://grafana.monitoring.svc.cluster.local:3000/api/org...
    Timing: 501.2ms
    → Normal timing, no body


================================================================================
FINAL ASSESSMENT
================================================================================

SAFE ESCALATION TESTS COMPLETED

Tested Methods (Read-Only, No DoS/RCE):
1. Istio Envoy admin endpoints access
2. K8s webhook configuration endpoints
3. Metrics-server API access
4. Prometheus query interface
5. Grafana data source access

POTENTIAL ESCALATION TO CRITICAL:
==================================

If ANY of above returned actual data (not just timing):

✓ Istio stats/config accessible
  → Severity: HIGH (could lead to DoS via connection exhaustion)
  → CVSS: C:H/I:L/A:H (upgrade from current)

✓ K8s API accessible without auth
  → Severity: CRITICAL
  → CVSS: C:H/I:H/A:H (can modify cluster config)

✓ Prometheus/Grafana accessible
  → Severity: HIGH
  → CVSS: C:H/I:L/A:L (internal metrics/data disclosure)

If NONE returned data:
  → Current severity: HIGH (file existence oracle)
  → No upgrade possible
  → Submit as-is

IMPORTANT:
==========
This testing was SAFE (read-only checks).
Real exploits would require:
- DoS: Large payload flooding (not tested - too risky)
- RCE: Webhook injection (not tested - too dangerous)
- Metrics spoofing: POST with fake data (not tested - production impact)

RECOMMENDATION:
===============
If breakthrough found above:
  → Update HACKERONE_FINAL.md with new findings
  → Add to Impact section
  → Potentially upgrade severity

If no breakthrough:
  → Submit as HIGH severity
  → File existence oracle remains main impact


[*] Safe escalation tests completed!
[*] Check output above for any breakthroughs
